2023-04-13 10:55:51.503  INFO 2364 --- [restartedMain] kr.co.sboard1.Sboard1Application         : Starting Sboard1Application using Java 17.0.5 on DESKTOP-1FFOQKL with PID 2364 (C:\Users\java1\Desktop\Workspace\SpringBoot\Sboard1\target\classes started by java1 in C:\Users\java1\Desktop\Workspace\SpringBoot\Sboard1)
2023-04-13 10:55:51.506  INFO 2364 --- [restartedMain] kr.co.sboard1.Sboard1Application         : No active profile set, falling back to 1 default profile: "default"
2023-04-13 10:55:51.542  INFO 2364 --- [restartedMain] .e.DevToolsPropertyDefaultsPostProcessor : Devtools property defaults active! Set 'spring.devtools.add-properties' to 'false' to disable
2023-04-13 10:55:51.542  INFO 2364 --- [restartedMain] .e.DevToolsPropertyDefaultsPostProcessor : For additional web related logging consider setting the 'logging.level.web' property to 'DEBUG'
2023-04-13 10:55:51.968  INFO 2364 --- [restartedMain] .s.d.r.c.RepositoryConfigurationDelegate : Bootstrapping Spring Data JPA repositories in DEFAULT mode.
2023-04-13 10:55:52.006  INFO 2364 --- [restartedMain] .s.d.r.c.RepositoryConfigurationDelegate : Finished Spring Data repository scanning in 30 ms. Found 1 JPA repository interfaces.
2023-04-13 10:55:52.421  INFO 2364 --- [restartedMain] o.s.b.w.embedded.tomcat.TomcatWebServer  : Tomcat initialized with port(s): 8181 (http)
2023-04-13 10:55:52.429  INFO 2364 --- [restartedMain] o.apache.catalina.core.StandardService   : Starting service [Tomcat]
2023-04-13 10:55:52.429  INFO 2364 --- [restartedMain] org.apache.catalina.core.StandardEngine  : Starting Servlet engine: [Apache Tomcat/9.0.70]
2023-04-13 10:55:52.491  INFO 2364 --- [restartedMain] o.a.c.c.C.[.[localhost].[/Sboard1]       : Initializing Spring embedded WebApplicationContext
2023-04-13 10:55:52.491  INFO 2364 --- [restartedMain] w.s.c.ServletWebServerApplicationContext : Root WebApplicationContext: initialization completed in 949 ms
2023-04-13 10:55:52.618  INFO 2364 --- [restartedMain] o.hibernate.jpa.internal.util.LogHelper  : HHH000204: Processing PersistenceUnitInfo [name: default]
2023-04-13 10:55:52.651  INFO 2364 --- [restartedMain] org.hibernate.Version                    : HHH000412: Hibernate ORM core version 5.6.14.Final
2023-04-13 10:55:52.748  INFO 2364 --- [restartedMain] o.hibernate.annotations.common.Version   : HCANN000001: Hibernate Commons Annotations {5.1.2.Final}
2023-04-13 10:55:52.820  INFO 2364 --- [restartedMain] com.zaxxer.hikari.HikariDataSource       : HikariPool-1 - Starting...
2023-04-13 10:55:53.012  INFO 2364 --- [restartedMain] com.zaxxer.hikari.HikariDataSource       : HikariPool-1 - Start completed.
2023-04-13 10:55:53.023  INFO 2364 --- [restartedMain] org.hibernate.dialect.Dialect            : HHH000400: Using dialect: org.hibernate.dialect.MySQL5InnoDBDialect
2023-04-13 10:55:53.449  INFO 2364 --- [restartedMain] o.h.e.t.j.p.i.JtaPlatformInitiator       : HHH000490: Using JtaPlatform implementation: [org.hibernate.engine.transaction.jta.platform.internal.NoJtaPlatform]
2023-04-13 10:55:53.455  INFO 2364 --- [restartedMain] j.LocalContainerEntityManagerFactoryBean : Initialized JPA EntityManagerFactory for persistence unit 'default'
2023-04-13 10:55:53.647  WARN 2364 --- [restartedMain] JpaBaseConfiguration$JpaWebConfiguration : spring.jpa.open-in-view is enabled by default. Therefore, database queries may be performed during view rendering. Explicitly configure spring.jpa.open-in-view to disable this warning
2023-04-13 10:55:53.934  INFO 2364 --- [restartedMain] o.s.s.web.DefaultSecurityFilterChain     : Will secure any request with [org.springframework.security.web.session.DisableEncodeUrlFilter@76ea8dd9, org.springframework.security.web.context.request.async.WebAsyncManagerIntegrationFilter@400e6d1e, org.springframework.security.web.context.SecurityContextPersistenceFilter@10dc2529, org.springframework.security.web.header.HeaderWriterFilter@1046ce88, org.springframework.security.web.authentication.logout.LogoutFilter@4be8b199, org.springframework.security.web.authentication.UsernamePasswordAuthenticationFilter@1bef421, org.springframework.security.web.savedrequest.RequestCacheAwareFilter@3dd67612, org.springframework.security.web.servletapi.SecurityContextHolderAwareRequestFilter@4e293cd4, org.springframework.security.web.authentication.AnonymousAuthenticationFilter@31502bb1, org.springframework.security.web.session.SessionManagementFilter@4e70dae2, org.springframework.security.web.access.ExceptionTranslationFilter@ffeac3f, org.springframework.security.web.access.intercept.FilterSecurityInterceptor@443c1029]
2023-04-13 10:55:54.143  INFO 2364 --- [restartedMain] o.s.b.d.a.OptionalLiveReloadServer       : LiveReload server is running on port 35729
2023-04-13 10:55:54.169  INFO 2364 --- [restartedMain] o.s.b.w.embedded.tomcat.TomcatWebServer  : Tomcat started on port(s): 8181 (http) with context path '/Sboard1'
2023-04-13 10:55:54.176  INFO 2364 --- [restartedMain] kr.co.sboard1.Sboard1Application         : Started Sboard1Application in 2.928 seconds (JVM running for 3.405)
2023-04-13 10:55:57.855  INFO 2364 --- [RMI TCP Connection(2)-127.0.0.1] inMXBeanRegistrar$SpringApplicationAdmin : Application shutdown requested.
2023-04-13 10:55:57.862  INFO 2364 --- [RMI TCP Connection(2)-127.0.0.1] o.apache.catalina.core.StandardService   : Stopping service [Tomcat]
2023-04-13 10:55:57.867  INFO 2364 --- [RMI TCP Connection(2)-127.0.0.1] j.LocalContainerEntityManagerFactoryBean : Closing JPA EntityManagerFactory for persistence unit 'default'
2023-04-13 10:55:57.869  INFO 2364 --- [RMI TCP Connection(2)-127.0.0.1] com.zaxxer.hikari.HikariDataSource       : HikariPool-1 - Shutdown initiated...
2023-04-13 10:55:57.873  INFO 2364 --- [RMI TCP Connection(2)-127.0.0.1] com.zaxxer.hikari.HikariDataSource       : HikariPool-1 - Shutdown completed.
