2023-02-07 08:54:40.631  INFO 2108 --- [restartedMain] kr.co.farmstory.FarmstoryApplication     : Starting FarmstoryApplication using Java 17.0.4 on DESKTOP-1FFOQKL with PID 2108 (C:\Users\java1\Desktop\Workspace\SpringBoot\farmstory\out\production\classes started by java1 in C:\Users\java1\Desktop\Workspace\SpringBoot\farmstory)
2023-02-07 08:54:40.638  INFO 2108 --- [restartedMain] kr.co.farmstory.FarmstoryApplication     : No active profile set, falling back to 1 default profile: "default"
2023-02-07 08:54:40.714  INFO 2108 --- [restartedMain] .e.DevToolsPropertyDefaultsPostProcessor : Devtools property defaults active! Set 'spring.devtools.add-properties' to 'false' to disable
2023-02-07 08:54:40.715  INFO 2108 --- [restartedMain] .e.DevToolsPropertyDefaultsPostProcessor : For additional web related logging consider setting the 'logging.level.web' property to 'DEBUG'
2023-02-07 08:54:41.617  INFO 2108 --- [restartedMain] .s.d.r.c.RepositoryConfigurationDelegate : Bootstrapping Spring Data JPA repositories in DEFAULT mode.
2023-02-07 08:54:41.671  INFO 2108 --- [restartedMain] .s.d.r.c.RepositoryConfigurationDelegate : Finished Spring Data repository scanning in 44 ms. Found 1 JPA repository interfaces.
2023-02-07 08:54:42.443  INFO 2108 --- [restartedMain] o.s.b.w.embedded.tomcat.TomcatWebServer  : Tomcat initialized with port(s): 8181 (http)
2023-02-07 08:54:42.455  INFO 2108 --- [restartedMain] o.apache.catalina.core.StandardService   : Starting service [Tomcat]
2023-02-07 08:54:42.455  INFO 2108 --- [restartedMain] org.apache.catalina.core.StandardEngine  : Starting Servlet engine: [Apache Tomcat/9.0.71]
2023-02-07 08:54:42.531  INFO 2108 --- [restartedMain] o.a.c.c.C.[.[localhost].[/farmstory]     : Initializing Spring embedded WebApplicationContext
2023-02-07 08:54:42.531  INFO 2108 --- [restartedMain] w.s.c.ServletWebServerApplicationContext : Root WebApplicationContext: initialization completed in 1815 ms
2023-02-07 08:54:42.564  INFO 2108 --- [restartedMain] com.zaxxer.hikari.HikariDataSource       : HikariPool-1 - Starting...
2023-02-07 08:54:42.915  INFO 2108 --- [restartedMain] com.zaxxer.hikari.HikariDataSource       : HikariPool-1 - Start completed.
2023-02-07 08:54:42.923  INFO 2108 --- [restartedMain] o.s.b.a.h2.H2ConsoleAutoConfiguration    : H2 console available at '/h2-console'. Database available at 'jdbc:mysql://127.0.0.1:3306/java1_board'
2023-02-07 08:54:42.996  WARN 2108 --- [restartedMain] o.a.c.c.C.[.[localhost].[/farmstory]     : Cannot deserialize session attribute [SPRING_SECURITY_CONTEXT] for session [1536CDC54198F338AA2CA8EC0427E935]
2023-02-07 08:54:43.159  INFO 2108 --- [restartedMain] o.hibernate.jpa.internal.util.LogHelper  : HHH000204: Processing PersistenceUnitInfo [name: default]
2023-02-07 08:54:43.213  INFO 2108 --- [restartedMain] org.hibernate.Version                    : HHH000412: Hibernate ORM core version 5.6.14.Final
2023-02-07 08:54:43.363  INFO 2108 --- [restartedMain] o.hibernate.annotations.common.Version   : HCANN000001: Hibernate Commons Annotations {5.1.2.Final}
2023-02-07 08:54:43.468  INFO 2108 --- [restartedMain] org.hibernate.dialect.Dialect            : HHH000400: Using dialect: org.hibernate.dialect.MySQL5InnoDBDialect
2023-02-07 08:54:43.929  INFO 2108 --- [restartedMain] o.h.e.t.j.p.i.JtaPlatformInitiator       : HHH000490: Using JtaPlatform implementation: [org.hibernate.engine.transaction.jta.platform.internal.NoJtaPlatform]
2023-02-07 08:54:43.935  INFO 2108 --- [restartedMain] j.LocalContainerEntityManagerFactoryBean : Initialized JPA EntityManagerFactory for persistence unit 'default'
2023-02-07 08:54:44.221  WARN 2108 --- [restartedMain] JpaBaseConfiguration$JpaWebConfiguration : spring.jpa.open-in-view is enabled by default. Therefore, database queries may be performed during view rendering. Explicitly configure spring.jpa.open-in-view to disable this warning
2023-02-07 08:54:44.553  INFO 2108 --- [restartedMain] o.s.s.web.DefaultSecurityFilterChain     : Will secure any request with [org.springframework.security.web.session.DisableEncodeUrlFilter@36f4e956, org.springframework.security.web.context.request.async.WebAsyncManagerIntegrationFilter@2416c8f8, org.springframework.security.web.context.SecurityContextPersistenceFilter@369892f9, org.springframework.security.web.header.HeaderWriterFilter@16c77536, org.springframework.security.web.authentication.logout.LogoutFilter@24f4d48e, org.springframework.security.web.authentication.UsernamePasswordAuthenticationFilter@457fdb61, org.springframework.security.web.savedrequest.RequestCacheAwareFilter@7bdfc19e, org.springframework.security.web.servletapi.SecurityContextHolderAwareRequestFilter@6ce96ba1, org.springframework.security.web.authentication.AnonymousAuthenticationFilter@229ba4ff, org.springframework.security.web.session.SessionManagementFilter@10be00b5, org.springframework.security.web.access.ExceptionTranslationFilter@5ff07800, org.springframework.security.web.access.intercept.FilterSecurityInterceptor@77dc0f34]
2023-02-07 08:54:44.685  INFO 2108 --- [restartedMain] o.s.b.a.w.s.WelcomePageHandlerMapping    : Adding welcome page template: index
2023-02-07 08:54:44.894  INFO 2108 --- [restartedMain] o.s.b.d.a.OptionalLiveReloadServer       : LiveReload server is running on port 35729
2023-02-07 08:54:44.922  INFO 2108 --- [restartedMain] o.s.b.w.embedded.tomcat.TomcatWebServer  : Tomcat started on port(s): 8181 (http) with context path '/farmstory'
2023-02-07 08:54:44.930  INFO 2108 --- [restartedMain] kr.co.farmstory.FarmstoryApplication     : Started FarmstoryApplication in 4.714 seconds (JVM running for 5.222)
2023-02-07 08:55:35.782  INFO 2108 --- [http-nio-8181-exec-7] o.a.c.c.C.[.[localhost].[/farmstory]     : Initializing Spring DispatcherServlet 'dispatcherServlet'
2023-02-07 08:55:35.782  INFO 2108 --- [http-nio-8181-exec-7] o.s.web.servlet.DispatcherServlet        : Initializing Servlet 'dispatcherServlet'
2023-02-07 08:55:35.783  INFO 2108 --- [http-nio-8181-exec-7] o.s.web.servlet.DispatcherServlet        : Completed initialization in 1 ms
2023-02-07 09:34:10.562  INFO 2108 --- [SpringApplicationShutdownHook] j.LocalContainerEntityManagerFactoryBean : Closing JPA EntityManagerFactory for persistence unit 'default'
2023-02-07 09:34:10.565  INFO 2108 --- [SpringApplicationShutdownHook] com.zaxxer.hikari.HikariDataSource       : HikariPool-1 - Shutdown initiated...
2023-02-07 09:34:10.568  INFO 2108 --- [SpringApplicationShutdownHook] com.zaxxer.hikari.HikariDataSource       : HikariPool-1 - Shutdown completed.
