2023-01-18 08:45:39.279  INFO 1512 --- [restartedMain] kr.co.ch10.Ch10Application               : Starting Ch10Application using Java 17.0.5 on DESKTOP-1FFOQKL with PID 1512 (C:\Users\java1\Desktop\Workspace\SpringBoot\Ch10\target\classes started by java1 in C:\Users\java1\Desktop\Workspace\SpringBoot\Ch10)
2023-01-18 08:45:39.282  INFO 1512 --- [restartedMain] kr.co.ch10.Ch10Application               : No active profile set, falling back to 1 default profile: "default"
2023-01-18 08:45:39.313  INFO 1512 --- [restartedMain] .e.DevToolsPropertyDefaultsPostProcessor : Devtools property defaults active! Set 'spring.devtools.add-properties' to 'false' to disable
2023-01-18 08:45:39.314  INFO 1512 --- [restartedMain] .e.DevToolsPropertyDefaultsPostProcessor : For additional web related logging consider setting the 'logging.level.web' property to 'DEBUG'
2023-01-18 08:45:39.747  INFO 1512 --- [restartedMain] .s.d.r.c.RepositoryConfigurationDelegate : Bootstrapping Spring Data JPA repositories in DEFAULT mode.
2023-01-18 08:45:39.758  INFO 1512 --- [restartedMain] .s.d.r.c.RepositoryConfigurationDelegate : Finished Spring Data repository scanning in 3 ms. Found 0 JPA repository interfaces.
2023-01-18 08:45:39.829  WARN 1512 --- [restartedMain] o.m.s.mapper.ClassPathMapperScanner      : No MyBatis mapper was found in '[kr.co.ch10]' package. Please check your configuration.
2023-01-18 08:45:40.151  INFO 1512 --- [restartedMain] o.s.b.w.embedded.tomcat.TomcatWebServer  : Tomcat initialized with port(s): 8080 (http)
2023-01-18 08:45:40.160  INFO 1512 --- [restartedMain] o.apache.catalina.core.StandardService   : Starting service [Tomcat]
2023-01-18 08:45:40.161  INFO 1512 --- [restartedMain] org.apache.catalina.core.StandardEngine  : Starting Servlet engine: [Apache Tomcat/9.0.70]
2023-01-18 08:45:40.213  INFO 1512 --- [restartedMain] o.a.c.c.C.[Tomcat].[localhost].[/Ch10]   : Initializing Spring embedded WebApplicationContext
2023-01-18 08:45:40.213  INFO 1512 --- [restartedMain] w.s.c.ServletWebServerApplicationContext : Root WebApplicationContext: initialization completed in 899 ms
2023-01-18 08:45:40.337  INFO 1512 --- [restartedMain] o.hibernate.jpa.internal.util.LogHelper  : HHH000204: Processing PersistenceUnitInfo [name: default]
2023-01-18 08:45:40.370  INFO 1512 --- [restartedMain] org.hibernate.Version                    : HHH000412: Hibernate ORM core version 5.6.14.Final
2023-01-18 08:45:40.470  INFO 1512 --- [restartedMain] o.hibernate.annotations.common.Version   : HCANN000001: Hibernate Commons Annotations {5.1.2.Final}
2023-01-18 08:45:40.533  INFO 1512 --- [restartedMain] com.zaxxer.hikari.HikariDataSource       : HikariPool-1 - Starting...
2023-01-18 08:45:40.768  INFO 1512 --- [restartedMain] com.zaxxer.hikari.HikariDataSource       : HikariPool-1 - Start completed.
2023-01-18 08:45:40.779  INFO 1512 --- [restartedMain] org.hibernate.dialect.Dialect            : HHH000400: Using dialect: org.hibernate.dialect.MySQL5InnoDBDialect
2023-01-18 08:45:40.958  INFO 1512 --- [restartedMain] o.h.e.t.j.p.i.JtaPlatformInitiator       : HHH000490: Using JtaPlatform implementation: [org.hibernate.engine.transaction.jta.platform.internal.NoJtaPlatform]
2023-01-18 08:45:40.966  INFO 1512 --- [restartedMain] j.LocalContainerEntityManagerFactoryBean : Initialized JPA EntityManagerFactory for persistence unit 'default'
2023-01-18 08:45:40.994  WARN 1512 --- [restartedMain] JpaBaseConfiguration$JpaWebConfiguration : spring.jpa.open-in-view is enabled by default. Therefore, database queries may be performed during view rendering. Explicitly configure spring.jpa.open-in-view to disable this warning
2023-01-18 08:45:41.087  INFO 1512 --- [restartedMain] o.s.b.a.w.s.WelcomePageHandlerMapping    : Adding welcome page template: index
2023-01-18 08:45:41.258  INFO 1512 --- [restartedMain] o.s.b.d.a.OptionalLiveReloadServer       : LiveReload server is running on port 35729
2023-01-18 08:45:41.285  INFO 1512 --- [restartedMain] o.s.b.w.embedded.tomcat.TomcatWebServer  : Tomcat started on port(s): 8080 (http) with context path '/Ch10'
2023-01-18 08:45:41.292  INFO 1512 --- [restartedMain] kr.co.ch10.Ch10Application               : Started Ch10Application in 2.287 seconds (JVM running for 2.769)
2023-01-18 08:45:53.167  INFO 1512 --- [http-nio-8080-exec-4] o.a.c.c.C.[Tomcat].[localhost].[/Ch10]   : Initializing Spring DispatcherServlet 'dispatcherServlet'
2023-01-18 08:45:53.167  INFO 1512 --- [http-nio-8080-exec-4] o.s.web.servlet.DispatcherServlet        : Initializing Servlet 'dispatcherServlet'
2023-01-18 08:45:53.168  INFO 1512 --- [http-nio-8080-exec-4] o.s.web.servlet.DispatcherServlet        : Completed initialization in 1 ms
2023-01-18 08:45:53.228 DEBUG 1512 --- [http-nio-8080-exec-4] kr.co.ch10.controller.MainController     : debug 로그...
2023-01-18 08:45:53.229  INFO 1512 --- [http-nio-8080-exec-4] kr.co.ch10.controller.MainController     : info 로그...
2023-01-18 08:45:53.229  WARN 1512 --- [http-nio-8080-exec-4] kr.co.ch10.controller.MainController     : warn 로그...
2023-01-18 08:45:53.229 ERROR 1512 --- [http-nio-8080-exec-4] kr.co.ch10.controller.MainController     : error 로그...
2023-01-18 08:45:54.867 DEBUG 1512 --- [http-nio-8080-exec-5] kr.co.ch10.controller.MainController     : debug 로그...
2023-01-18 08:45:54.867  INFO 1512 --- [http-nio-8080-exec-5] kr.co.ch10.controller.MainController     : info 로그...
2023-01-18 08:45:54.867  WARN 1512 --- [http-nio-8080-exec-5] kr.co.ch10.controller.MainController     : warn 로그...
2023-01-18 08:45:54.867 ERROR 1512 --- [http-nio-8080-exec-5] kr.co.ch10.controller.MainController     : error 로그...
2023-01-18 08:45:55.963 DEBUG 1512 --- [http-nio-8080-exec-6] kr.co.ch10.controller.SubController      : hello debug 로그...
2023-01-18 08:45:55.963  INFO 1512 --- [http-nio-8080-exec-6] kr.co.ch10.controller.SubController      : hello info 로그...
2023-01-18 08:45:55.963  WARN 1512 --- [http-nio-8080-exec-6] kr.co.ch10.controller.SubController      : hello warn 로그...
2023-01-18 08:45:55.963 ERROR 1512 --- [http-nio-8080-exec-6] kr.co.ch10.controller.SubController      : hello error 로그...
2023-01-18 08:45:56.411 DEBUG 1512 --- [http-nio-8080-exec-7] kr.co.ch10.controller.SubController      : welcome debug 로그...
2023-01-18 08:45:56.411  INFO 1512 --- [http-nio-8080-exec-7] kr.co.ch10.controller.SubController      : welcome info 로그...
2023-01-18 08:45:56.411  WARN 1512 --- [http-nio-8080-exec-7] kr.co.ch10.controller.SubController      : welcome warn 로그...
2023-01-18 08:45:56.412 ERROR 1512 --- [http-nio-8080-exec-7] kr.co.ch10.controller.SubController      : welcome error 로그...
2023-01-18 08:45:56.764 DEBUG 1512 --- [http-nio-8080-exec-8] kr.co.ch10.controller.SubController      : greeting debug 로그...
2023-01-18 08:45:56.764  INFO 1512 --- [http-nio-8080-exec-8] kr.co.ch10.controller.SubController      : greeting info 로그...
2023-01-18 08:45:56.764  WARN 1512 --- [http-nio-8080-exec-8] kr.co.ch10.controller.SubController      : greeting warn 로그...
2023-01-18 08:45:56.764 ERROR 1512 --- [http-nio-8080-exec-8] kr.co.ch10.controller.SubController      : greeting error 로그...
2023-01-18 08:45:57.187 DEBUG 1512 --- [http-nio-8080-exec-9] kr.co.ch10.controller.MainController     : debug 로그...
2023-01-18 08:45:57.187  INFO 1512 --- [http-nio-8080-exec-9] kr.co.ch10.controller.MainController     : info 로그...
2023-01-18 08:45:57.187  WARN 1512 --- [http-nio-8080-exec-9] kr.co.ch10.controller.MainController     : warn 로그...
2023-01-18 08:45:57.187 ERROR 1512 --- [http-nio-8080-exec-9] kr.co.ch10.controller.MainController     : error 로그...
2023-01-18 08:46:03.115  INFO 1512 --- [RMI TCP Connection(2)-127.0.0.1] inMXBeanRegistrar$SpringApplicationAdmin : Application shutdown requested.
2023-01-18 08:46:03.122  INFO 1512 --- [RMI TCP Connection(2)-127.0.0.1] o.apache.catalina.core.StandardService   : Stopping service [Tomcat]
2023-01-18 08:46:03.123  INFO 1512 --- [RMI TCP Connection(2)-127.0.0.1] o.a.c.c.C.[Tomcat].[localhost].[/Ch10]   : Destroying Spring FrameworkServlet 'dispatcherServlet'
2023-01-18 08:46:03.128  INFO 1512 --- [RMI TCP Connection(2)-127.0.0.1] j.LocalContainerEntityManagerFactoryBean : Closing JPA EntityManagerFactory for persistence unit 'default'
2023-01-18 08:46:03.129  INFO 1512 --- [RMI TCP Connection(2)-127.0.0.1] com.zaxxer.hikari.HikariDataSource       : HikariPool-1 - Shutdown initiated...
2023-01-18 08:46:03.134  INFO 1512 --- [RMI TCP Connection(2)-127.0.0.1] com.zaxxer.hikari.HikariDataSource       : HikariPool-1 - Shutdown completed.
