2023-05-01 08:52:46.128  INFO 3240 --- [restartedMain] kr.co.voard2.Voard2Application           : Starting Voard2Application using Java 17.0.5 on DESKTOP-1FFOQKL with PID 3240 (C:\Users\java1\Desktop\Workspace\SpringBoot\Voard2\target\classes started by java1 in C:\Users\java1\Desktop\Workspace\SpringBoot\Voard2)
2023-05-01 08:52:46.131  INFO 3240 --- [restartedMain] kr.co.voard2.Voard2Application           : No active profile set, falling back to 1 default profile: "default"
2023-05-01 08:52:46.166  INFO 3240 --- [restartedMain] .e.DevToolsPropertyDefaultsPostProcessor : Devtools property defaults active! Set 'spring.devtools.add-properties' to 'false' to disable
2023-05-01 08:52:46.166  INFO 3240 --- [restartedMain] .e.DevToolsPropertyDefaultsPostProcessor : For additional web related logging consider setting the 'logging.level.web' property to 'DEBUG'
2023-05-01 08:52:46.598  INFO 3240 --- [restartedMain] .s.d.r.c.RepositoryConfigurationDelegate : Bootstrapping Spring Data JPA repositories in DEFAULT mode.
2023-05-01 08:52:46.638  INFO 3240 --- [restartedMain] .s.d.r.c.RepositoryConfigurationDelegate : Finished Spring Data repository scanning in 33 ms. Found 1 JPA repository interfaces.
2023-05-01 08:52:47.074  INFO 3240 --- [restartedMain] o.s.b.w.embedded.tomcat.TomcatWebServer  : Tomcat initialized with port(s): 8080 (http)
2023-05-01 08:52:47.082  INFO 3240 --- [restartedMain] o.apache.catalina.core.StandardService   : Starting service [Tomcat]
2023-05-01 08:52:47.082  INFO 3240 --- [restartedMain] org.apache.catalina.core.StandardEngine  : Starting Servlet engine: [Apache Tomcat/9.0.74]
2023-05-01 08:52:47.144  INFO 3240 --- [restartedMain] o.a.c.c.C.[.[localhost].[/Voard2]        : Initializing Spring embedded WebApplicationContext
2023-05-01 08:52:47.144  INFO 3240 --- [restartedMain] w.s.c.ServletWebServerApplicationContext : Root WebApplicationContext: initialization completed in 978 ms
2023-05-01 08:52:47.273  INFO 3240 --- [restartedMain] o.hibernate.jpa.internal.util.LogHelper  : HHH000204: Processing PersistenceUnitInfo [name: default]
2023-05-01 08:52:47.320  INFO 3240 --- [restartedMain] org.hibernate.Version                    : HHH000412: Hibernate ORM core version 5.6.15.Final
2023-05-01 08:52:47.422  INFO 3240 --- [restartedMain] o.hibernate.annotations.common.Version   : HCANN000001: Hibernate Commons Annotations {5.1.2.Final}
2023-05-01 08:52:47.507  INFO 3240 --- [restartedMain] com.zaxxer.hikari.HikariDataSource       : HikariPool-1 - Starting...
2023-05-01 08:52:47.721  INFO 3240 --- [restartedMain] com.zaxxer.hikari.HikariDataSource       : HikariPool-1 - Start completed.
2023-05-01 08:52:47.734  INFO 3240 --- [restartedMain] org.hibernate.dialect.Dialect            : HHH000400: Using dialect: org.hibernate.dialect.MySQL8Dialect
2023-05-01 08:52:48.176  INFO 3240 --- [restartedMain] o.h.e.t.j.p.i.JtaPlatformInitiator       : HHH000490: Using JtaPlatform implementation: [org.hibernate.engine.transaction.jta.platform.internal.NoJtaPlatform]
2023-05-01 08:52:48.182  INFO 3240 --- [restartedMain] j.LocalContainerEntityManagerFactoryBean : Initialized JPA EntityManagerFactory for persistence unit 'default'
2023-05-01 08:52:48.617  INFO 3240 --- [restartedMain] o.s.s.web.DefaultSecurityFilterChain     : Will secure any request with [org.springframework.security.web.session.DisableEncodeUrlFilter@6e7a8774, org.springframework.security.web.context.request.async.WebAsyncManagerIntegrationFilter@485c0666, org.springframework.security.web.context.SecurityContextPersistenceFilter@12055cbc, org.springframework.security.web.header.HeaderWriterFilter@5d4fdf81, org.springframework.security.web.authentication.logout.LogoutFilter@52d2ec96, kr.co.voard2.jwt.JwtAuthenticationFilter@de3cf78, org.springframework.security.web.savedrequest.RequestCacheAwareFilter@56d4c0f9, org.springframework.security.web.servletapi.SecurityContextHolderAwareRequestFilter@380ed04, org.springframework.security.web.authentication.AnonymousAuthenticationFilter@189fdc9, org.springframework.security.web.session.SessionManagementFilter@665314b8, org.springframework.security.web.access.ExceptionTranslationFilter@5f5e1998]
2023-05-01 08:52:48.637  WARN 3240 --- [restartedMain] JpaBaseConfiguration$JpaWebConfiguration : spring.jpa.open-in-view is enabled by default. Therefore, database queries may be performed during view rendering. Explicitly configure spring.jpa.open-in-view to disable this warning
2023-05-01 08:52:48.728  INFO 3240 --- [restartedMain] o.s.b.a.w.s.WelcomePageHandlerMapping    : Adding welcome page: class path resource [static/index.html]
2023-05-01 08:52:48.799  WARN 3240 --- [restartedMain] ion$DefaultTemplateResolverConfiguration : Cannot find template location: classpath:/templates/ (please add some templates, check your Thymeleaf configuration, or set spring.thymeleaf.check-template-location=false)
2023-05-01 08:52:48.875  INFO 3240 --- [restartedMain] o.s.b.d.a.OptionalLiveReloadServer       : LiveReload server is running on port 35729
2023-05-01 08:52:48.900  INFO 3240 --- [restartedMain] o.s.b.w.embedded.tomcat.TomcatWebServer  : Tomcat started on port(s): 8080 (http) with context path '/Voard2'
2023-05-01 08:52:48.907  INFO 3240 --- [restartedMain] kr.co.voard2.Voard2Application           : Started Voard2Application in 3.047 seconds (JVM running for 3.54)
2023-05-01 08:53:19.261  INFO 3240 --- [http-nio-8080-exec-2] o.a.c.c.C.[.[localhost].[/Voard2]        : Initializing Spring DispatcherServlet 'dispatcherServlet'
2023-05-01 08:53:19.261  INFO 3240 --- [http-nio-8080-exec-2] o.s.web.servlet.DispatcherServlet        : Initializing Servlet 'dispatcherServlet'
2023-05-01 08:53:19.262  INFO 3240 --- [http-nio-8080-exec-2] o.s.web.servlet.DispatcherServlet        : Completed initialization in 0 ms
2023-05-01 08:53:19.274  INFO 3240 --- [http-nio-8080-exec-2] k.co.voard2.jwt.JwtAuthenticationFilter  : doFilterInternal...1
2023-05-01 08:53:19.274  INFO 3240 --- [http-nio-8080-exec-2] k.co.voard2.jwt.JwtAuthenticationFilter  : doFilterInternal...2 : null
2023-05-01 08:53:28.685  INFO 3240 --- [http-nio-8080-exec-1] k.co.voard2.jwt.JwtAuthenticationFilter  : doFilterInternal...1
2023-05-01 08:53:28.685  INFO 3240 --- [http-nio-8080-exec-1] k.co.voard2.jwt.JwtAuthenticationFilter  : doFilterInternal...2 : null
2023-05-01 08:53:38.524  INFO 3240 --- [http-nio-8080-exec-3] k.co.voard2.jwt.JwtAuthenticationFilter  : doFilterInternal...1
2023-05-01 08:53:38.525  INFO 3240 --- [http-nio-8080-exec-3] k.co.voard2.jwt.JwtAuthenticationFilter  : doFilterInternal...2 : null
2023-05-01 08:53:38.530  INFO 3240 --- [http-nio-8080-exec-4] k.co.voard2.jwt.JwtAuthenticationFilter  : doFilterInternal...1
2023-05-01 08:53:38.530  INFO 3240 --- [http-nio-8080-exec-4] k.co.voard2.jwt.JwtAuthenticationFilter  : doFilterInternal...2 : null
2023-05-01 08:53:38.556  INFO 3240 --- [http-nio-8080-exec-4] kr.co.voard2.controller.UserController   : vo : UserVO(uid=r222, pass=asdf1234!, pass1=null, pass2=null, name=null, nick=null, email=null, hp=null, grade=0, zip=null, addr1=null, addr2=null, regip=null, rdate=null, sessId=null, sessLimitDate=null, wdate=null)
2023-05-01 08:53:38.577  INFO 3240 --- [http-nio-8080-exec-4] kr.co.voard2.controller.UserController   : login...1
2023-05-01 08:53:38.717  INFO 3240 --- [http-nio-8080-exec-4] kr.co.voard2.controller.UserController   : login...2
2023-05-01 08:53:38.733  INFO 3240 --- [http-nio-8080-exec-4] kr.co.voard2.controller.UserController   : login...3 : eyJhbGciOiJIUzI1NiJ9.eyJzdWIiOiJyMjIyIiwiaWF0IjoxNjgyODk4ODE4LCJleHAiOjE2ODI5MDI0MTh9.yOKd8bWyLdT8r7zLVHGI_FUZ7XJq3MvjlrgfKrLn3NA
2023-05-01 08:53:38.749  INFO 3240 --- [http-nio-8080-exec-5] k.co.voard2.jwt.JwtAuthenticationFilter  : doFilterInternal...1
2023-05-01 08:53:38.749  INFO 3240 --- [http-nio-8080-exec-5] k.co.voard2.jwt.JwtAuthenticationFilter  : doFilterInternal...2 : null
2023-05-01 08:54:30.172  INFO 3240 --- [http-nio-8080-exec-6] k.co.voard2.jwt.JwtAuthenticationFilter  : doFilterInternal...1
2023-05-01 08:54:30.173  INFO 3240 --- [http-nio-8080-exec-6] k.co.voard2.jwt.JwtAuthenticationFilter  : doFilterInternal...2 : null
2023-05-01 08:54:30.180  INFO 3240 --- [http-nio-8080-exec-7] k.co.voard2.jwt.JwtAuthenticationFilter  : doFilterInternal...1
2023-05-01 08:54:30.180  INFO 3240 --- [http-nio-8080-exec-7] k.co.voard2.jwt.JwtAuthenticationFilter  : doFilterInternal...2 : null
2023-05-01 08:54:30.181  INFO 3240 --- [http-nio-8080-exec-8] k.co.voard2.jwt.JwtAuthenticationFilter  : doFilterInternal...1
2023-05-01 08:54:30.181  INFO 3240 --- [http-nio-8080-exec-8] k.co.voard2.jwt.JwtAuthenticationFilter  : doFilterInternal...2 : eyJhbGciOiJIUzI1NiJ9.eyJzdWIiOiJyMjIyIiwiaWF0IjoxNjgyODk4ODE4LCJleHAiOjE2ODI5MDI0MTh9.yOKd8bWyLdT8r7zLVHGI_FUZ7XJq3MvjlrgfKrLn3NA
2023-05-01 08:54:30.205  INFO 3240 --- [http-nio-8080-exec-8] k.co.voard2.jwt.JwtAuthenticationFilter  : doFilterInternal...3
2023-05-01 08:54:30.214  INFO 3240 --- [http-nio-8080-exec-8] kr.co.voard2.controller.UserController   : auth...1
2023-05-01 08:54:30.214  INFO 3240 --- [http-nio-8080-exec-8] kr.co.voard2.controller.UserController   : auth...3 : kr.co.voard2.repository.UserEntity@3248d909
2023-05-01 08:54:41.136  INFO 3240 --- [http-nio-8080-exec-9] k.co.voard2.jwt.JwtAuthenticationFilter  : doFilterInternal...1
2023-05-01 08:54:41.136  INFO 3240 --- [http-nio-8080-exec-9] k.co.voard2.jwt.JwtAuthenticationFilter  : doFilterInternal...2 : null
2023-05-01 08:54:44.886  INFO 3240 --- [http-nio-8080-exec-10] k.co.voard2.jwt.JwtAuthenticationFilter  : doFilterInternal...1
2023-05-01 08:54:44.887  INFO 3240 --- [http-nio-8080-exec-10] k.co.voard2.jwt.JwtAuthenticationFilter  : doFilterInternal...2 : null
2023-05-01 08:54:53.393  INFO 3240 --- [http-nio-8080-exec-2] k.co.voard2.jwt.JwtAuthenticationFilter  : doFilterInternal...1
2023-05-01 08:54:53.393  INFO 3240 --- [http-nio-8080-exec-2] k.co.voard2.jwt.JwtAuthenticationFilter  : doFilterInternal...2 : null
2023-05-01 08:55:03.875  INFO 3240 --- [http-nio-8080-exec-1] k.co.voard2.jwt.JwtAuthenticationFilter  : doFilterInternal...1
2023-05-01 08:55:03.875  INFO 3240 --- [http-nio-8080-exec-1] k.co.voard2.jwt.JwtAuthenticationFilter  : doFilterInternal...2 : null
2023-05-01 08:55:03.881  INFO 3240 --- [http-nio-8080-exec-3] k.co.voard2.jwt.JwtAuthenticationFilter  : doFilterInternal...1
2023-05-01 08:55:03.881  INFO 3240 --- [http-nio-8080-exec-3] k.co.voard2.jwt.JwtAuthenticationFilter  : doFilterInternal...2 : null
2023-05-01 08:55:15.873  INFO 3240 --- [http-nio-8080-exec-4] k.co.voard2.jwt.JwtAuthenticationFilter  : doFilterInternal...1
2023-05-01 08:55:15.874  INFO 3240 --- [http-nio-8080-exec-4] k.co.voard2.jwt.JwtAuthenticationFilter  : doFilterInternal...2 : null
2023-05-01 08:55:17.637  INFO 3240 --- [http-nio-8080-exec-5] k.co.voard2.jwt.JwtAuthenticationFilter  : doFilterInternal...1
2023-05-01 08:55:17.637  INFO 3240 --- [http-nio-8080-exec-5] k.co.voard2.jwt.JwtAuthenticationFilter  : doFilterInternal...2 : null
2023-05-01 08:55:17.643  INFO 3240 --- [http-nio-8080-exec-7] k.co.voard2.jwt.JwtAuthenticationFilter  : doFilterInternal...1
2023-05-01 08:55:17.643  INFO 3240 --- [http-nio-8080-exec-6] k.co.voard2.jwt.JwtAuthenticationFilter  : doFilterInternal...1
2023-05-01 08:55:17.644  INFO 3240 --- [http-nio-8080-exec-7] k.co.voard2.jwt.JwtAuthenticationFilter  : doFilterInternal...2 : null
2023-05-01 08:55:17.644  INFO 3240 --- [http-nio-8080-exec-6] k.co.voard2.jwt.JwtAuthenticationFilter  : doFilterInternal...2 : eyJhbGciOiJIUzI1NiJ9.eyJzdWIiOiJyMjIyIiwiaWF0IjoxNjgyODk4ODE4LCJleHAiOjE2ODI5MDI0MTh9.yOKd8bWyLdT8r7zLVHGI_FUZ7XJq3MvjlrgfKrLn3NA
2023-05-01 08:55:17.645  INFO 3240 --- [http-nio-8080-exec-6] k.co.voard2.jwt.JwtAuthenticationFilter  : doFilterInternal...3
2023-05-01 08:55:17.652  INFO 3240 --- [http-nio-8080-exec-6] kr.co.voard2.controller.UserController   : auth...1
2023-05-01 08:55:17.652  INFO 3240 --- [http-nio-8080-exec-6] kr.co.voard2.controller.UserController   : auth...3 : kr.co.voard2.repository.UserEntity@7db705d1
2023-05-01 08:57:56.496  INFO 3240 --- [http-nio-8080-exec-10] k.co.voard2.jwt.JwtAuthenticationFilter  : doFilterInternal...1
2023-05-01 08:57:56.496  INFO 3240 --- [http-nio-8080-exec-10] k.co.voard2.jwt.JwtAuthenticationFilter  : doFilterInternal...2 : null
2023-05-01 08:58:34.975  INFO 3240 --- [http-nio-8080-exec-2] k.co.voard2.jwt.JwtAuthenticationFilter  : doFilterInternal...1
2023-05-01 08:58:34.976  INFO 3240 --- [http-nio-8080-exec-2] k.co.voard2.jwt.JwtAuthenticationFilter  : doFilterInternal...2 : null
2023-05-01 08:58:34.981  INFO 3240 --- [http-nio-8080-exec-1] k.co.voard2.jwt.JwtAuthenticationFilter  : doFilterInternal...1
2023-05-01 08:58:34.981  INFO 3240 --- [http-nio-8080-exec-1] k.co.voard2.jwt.JwtAuthenticationFilter  : doFilterInternal...2 : eyJhbGciOiJIUzI1NiJ9.eyJzdWIiOiJyMjIyIiwiaWF0IjoxNjgyODk4ODE4LCJleHAiOjE2ODI5MDI0MTh9.yOKd8bWyLdT8r7zLVHGI_FUZ7XJq3MvjlrgfKrLn3NA
2023-05-01 08:58:34.982  INFO 3240 --- [http-nio-8080-exec-1] k.co.voard2.jwt.JwtAuthenticationFilter  : doFilterInternal...3
2023-05-01 08:58:34.988  INFO 3240 --- [http-nio-8080-exec-1] kr.co.voard2.controller.UserController   : auth...1
2023-05-01 08:58:34.989  INFO 3240 --- [http-nio-8080-exec-1] kr.co.voard2.controller.UserController   : auth...3 : kr.co.voard2.repository.UserEntity@3571b76b
2023-05-01 08:58:38.218  INFO 3240 --- [http-nio-8080-exec-3] k.co.voard2.jwt.JwtAuthenticationFilter  : doFilterInternal...1
2023-05-01 08:58:38.218  INFO 3240 --- [http-nio-8080-exec-3] k.co.voard2.jwt.JwtAuthenticationFilter  : doFilterInternal...2 : null
2023-05-01 08:58:45.454  INFO 3240 --- [http-nio-8080-exec-4] k.co.voard2.jwt.JwtAuthenticationFilter  : doFilterInternal...1
2023-05-01 08:58:45.455  INFO 3240 --- [http-nio-8080-exec-4] k.co.voard2.jwt.JwtAuthenticationFilter  : doFilterInternal...2 : null
2023-05-01 08:58:45.460  INFO 3240 --- [http-nio-8080-exec-5] k.co.voard2.jwt.JwtAuthenticationFilter  : doFilterInternal...1
2023-05-01 08:58:45.460  INFO 3240 --- [http-nio-8080-exec-5] k.co.voard2.jwt.JwtAuthenticationFilter  : doFilterInternal...2 : eyJhbGciOiJIUzI1NiJ9.eyJzdWIiOiJyMjIyIiwiaWF0IjoxNjgyODk4ODE4LCJleHAiOjE2ODI5MDI0MTh9.yOKd8bWyLdT8r7zLVHGI_FUZ7XJq3MvjlrgfKrLn3NA
2023-05-01 08:58:45.462  INFO 3240 --- [http-nio-8080-exec-5] k.co.voard2.jwt.JwtAuthenticationFilter  : doFilterInternal...3
2023-05-01 08:58:45.469  INFO 3240 --- [http-nio-8080-exec-5] kr.co.voard2.controller.UserController   : auth...1
2023-05-01 08:58:45.469  INFO 3240 --- [http-nio-8080-exec-5] kr.co.voard2.controller.UserController   : auth...3 : kr.co.voard2.repository.UserEntity@3d149d70
2023-05-01 08:59:06.232  INFO 3240 --- [http-nio-8080-exec-7] k.co.voard2.jwt.JwtAuthenticationFilter  : doFilterInternal...1
2023-05-01 08:59:06.232  INFO 3240 --- [http-nio-8080-exec-7] k.co.voard2.jwt.JwtAuthenticationFilter  : doFilterInternal...2 : null
2023-05-01 08:59:06.237  INFO 3240 --- [http-nio-8080-exec-6] k.co.voard2.jwt.JwtAuthenticationFilter  : doFilterInternal...1
2023-05-01 08:59:06.237  INFO 3240 --- [http-nio-8080-exec-6] k.co.voard2.jwt.JwtAuthenticationFilter  : doFilterInternal...2 : eyJhbGciOiJIUzI1NiJ9.eyJzdWIiOiJyMjIyIiwiaWF0IjoxNjgyODk4ODE4LCJleHAiOjE2ODI5MDI0MTh9.yOKd8bWyLdT8r7zLVHGI_FUZ7XJq3MvjlrgfKrLn3NA
2023-05-01 08:59:06.240  INFO 3240 --- [http-nio-8080-exec-6] k.co.voard2.jwt.JwtAuthenticationFilter  : doFilterInternal...3
2023-05-01 08:59:06.248  INFO 3240 --- [http-nio-8080-exec-6] kr.co.voard2.controller.UserController   : auth...1
2023-05-01 08:59:06.248  INFO 3240 --- [http-nio-8080-exec-6] kr.co.voard2.controller.UserController   : auth...3 : kr.co.voard2.repository.UserEntity@7fcb4a93
2023-05-01 08:59:15.183  INFO 3240 --- [http-nio-8080-exec-9] k.co.voard2.jwt.JwtAuthenticationFilter  : doFilterInternal...1
2023-05-01 08:59:15.183  INFO 3240 --- [http-nio-8080-exec-9] k.co.voard2.jwt.JwtAuthenticationFilter  : doFilterInternal...2 : null
2023-05-01 08:59:15.188  INFO 3240 --- [http-nio-8080-exec-8] k.co.voard2.jwt.JwtAuthenticationFilter  : doFilterInternal...1
2023-05-01 08:59:15.188  INFO 3240 --- [http-nio-8080-exec-8] k.co.voard2.jwt.JwtAuthenticationFilter  : doFilterInternal...2 : eyJhbGciOiJIUzI1NiJ9.eyJzdWIiOiJyMjIyIiwiaWF0IjoxNjgyODk4ODE4LCJleHAiOjE2ODI5MDI0MTh9.yOKd8bWyLdT8r7zLVHGI_FUZ7XJq3MvjlrgfKrLn3NA
2023-05-01 08:59:15.190  INFO 3240 --- [http-nio-8080-exec-8] k.co.voard2.jwt.JwtAuthenticationFilter  : doFilterInternal...3
2023-05-01 08:59:15.197  INFO 3240 --- [http-nio-8080-exec-8] kr.co.voard2.controller.UserController   : auth...1
2023-05-01 08:59:15.197  INFO 3240 --- [http-nio-8080-exec-8] kr.co.voard2.controller.UserController   : auth...3 : kr.co.voard2.repository.UserEntity@34db92b7
2023-05-01 08:59:32.964  INFO 3240 --- [http-nio-8080-exec-10] k.co.voard2.jwt.JwtAuthenticationFilter  : doFilterInternal...1
2023-05-01 08:59:32.965  INFO 3240 --- [http-nio-8080-exec-10] k.co.voard2.jwt.JwtAuthenticationFilter  : doFilterInternal...2 : null
2023-05-01 08:59:32.968  INFO 3240 --- [http-nio-8080-exec-2] k.co.voard2.jwt.JwtAuthenticationFilter  : doFilterInternal...1
2023-05-01 08:59:32.968  INFO 3240 --- [http-nio-8080-exec-2] k.co.voard2.jwt.JwtAuthenticationFilter  : doFilterInternal...2 : null
2023-05-01 08:59:32.969  INFO 3240 --- [http-nio-8080-exec-2] kr.co.voard2.controller.UserController   : vo : UserVO(uid=admin123, pass=asdf1234!, pass1=null, pass2=null, name=null, nick=null, email=null, hp=null, grade=0, zip=null, addr1=null, addr2=null, regip=null, rdate=null, sessId=null, sessLimitDate=null, wdate=null)
2023-05-01 08:59:32.971  INFO 3240 --- [http-nio-8080-exec-2] kr.co.voard2.controller.UserController   : login...1
2023-05-01 08:59:32.972  WARN 3240 --- [http-nio-8080-exec-2] o.s.s.c.bcrypt.BCryptPasswordEncoder     : Encoded password does not look like BCrypt
2023-05-01 08:59:38.699  INFO 3240 --- [http-nio-8080-exec-1] k.co.voard2.jwt.JwtAuthenticationFilter  : doFilterInternal...1
2023-05-01 08:59:38.700  INFO 3240 --- [http-nio-8080-exec-1] k.co.voard2.jwt.JwtAuthenticationFilter  : doFilterInternal...2 : null
2023-05-01 08:59:38.703  INFO 3240 --- [http-nio-8080-exec-3] k.co.voard2.jwt.JwtAuthenticationFilter  : doFilterInternal...1
2023-05-01 08:59:38.703  INFO 3240 --- [http-nio-8080-exec-3] k.co.voard2.jwt.JwtAuthenticationFilter  : doFilterInternal...2 : null
2023-05-01 08:59:38.704  INFO 3240 --- [http-nio-8080-exec-3] kr.co.voard2.controller.UserController   : vo : UserVO(uid=admin, pass=asdf1234!, pass1=null, pass2=null, name=null, nick=null, email=null, hp=null, grade=0, zip=null, addr1=null, addr2=null, regip=null, rdate=null, sessId=null, sessLimitDate=null, wdate=null)
2023-05-01 08:59:38.712 ERROR 3240 --- [http-nio-8080-exec-3] o.a.c.c.C.[.[.[.[dispatcherServlet]      : Servlet.service() for servlet [dispatcherServlet] in context with path [/Voard2] threw exception [Request processing failed; nested exception is java.util.NoSuchElementException: No value present] with root cause

java.util.NoSuchElementException: No value present
	at java.base/java.util.Optional.get(Optional.java:143) ~[na:na]
	at kr.co.voard2.security.SecurityUserService.loadUserByUsername(SecurityUserService.java:23) ~[classes/:na]
	at kr.co.voard2.controller.UserController.login(UserController.java:67) ~[classes/:na]
	at java.base/jdk.internal.reflect.NativeMethodAccessorImpl.invoke0(Native Method) ~[na:na]
	at java.base/jdk.internal.reflect.NativeMethodAccessorImpl.invoke(NativeMethodAccessorImpl.java:77) ~[na:na]
	at java.base/jdk.internal.reflect.DelegatingMethodAccessorImpl.invoke(DelegatingMethodAccessorImpl.java:43) ~[na:na]
	at java.base/java.lang.reflect.Method.invoke(Method.java:568) ~[na:na]
	at org.springframework.web.method.support.InvocableHandlerMethod.doInvoke(InvocableHandlerMethod.java:205) ~[spring-web-5.3.27.jar:5.3.27]
	at org.springframework.web.method.support.InvocableHandlerMethod.invokeForRequest(InvocableHandlerMethod.java:150) ~[spring-web-5.3.27.jar:5.3.27]
	at org.springframework.web.servlet.mvc.method.annotation.ServletInvocableHandlerMethod.invokeAndHandle(ServletInvocableHandlerMethod.java:117) ~[spring-webmvc-5.3.27.jar:5.3.27]
	at org.springframework.web.servlet.mvc.method.annotation.RequestMappingHandlerAdapter.invokeHandlerMethod(RequestMappingHandlerAdapter.java:895) ~[spring-webmvc-5.3.27.jar:5.3.27]
	at org.springframework.web.servlet.mvc.method.annotation.RequestMappingHandlerAdapter.handleInternal(RequestMappingHandlerAdapter.java:808) ~[spring-webmvc-5.3.27.jar:5.3.27]
	at org.springframework.web.servlet.mvc.method.AbstractHandlerMethodAdapter.handle(AbstractHandlerMethodAdapter.java:87) ~[spring-webmvc-5.3.27.jar:5.3.27]
	at org.springframework.web.servlet.DispatcherServlet.doDispatch(DispatcherServlet.java:1072) ~[spring-webmvc-5.3.27.jar:5.3.27]
	at org.springframework.web.servlet.DispatcherServlet.doService(DispatcherServlet.java:965) ~[spring-webmvc-5.3.27.jar:5.3.27]
	at org.springframework.web.servlet.FrameworkServlet.processRequest(FrameworkServlet.java:1006) ~[spring-webmvc-5.3.27.jar:5.3.27]
	at org.springframework.web.servlet.FrameworkServlet.doPost(FrameworkServlet.java:909) ~[spring-webmvc-5.3.27.jar:5.3.27]
	at javax.servlet.http.HttpServlet.service(HttpServlet.java:555) ~[tomcat-embed-core-9.0.74.jar:4.0.FR]
	at org.springframework.web.servlet.FrameworkServlet.service(FrameworkServlet.java:883) ~[spring-webmvc-5.3.27.jar:5.3.27]
	at javax.servlet.http.HttpServlet.service(HttpServlet.java:623) ~[tomcat-embed-core-9.0.74.jar:4.0.FR]
	at org.apache.catalina.core.ApplicationFilterChain.internalDoFilter(ApplicationFilterChain.java:209) ~[tomcat-embed-core-9.0.74.jar:9.0.74]
	at org.apache.catalina.core.ApplicationFilterChain.doFilter(ApplicationFilterChain.java:153) ~[tomcat-embed-core-9.0.74.jar:9.0.74]
	at org.apache.tomcat.websocket.server.WsFilter.doFilter(WsFilter.java:51) ~[tomcat-embed-websocket-9.0.74.jar:9.0.74]
	at org.apache.catalina.core.ApplicationFilterChain.internalDoFilter(ApplicationFilterChain.java:178) ~[tomcat-embed-core-9.0.74.jar:9.0.74]
	at org.apache.catalina.core.ApplicationFilterChain.doFilter(ApplicationFilterChain.java:153) ~[tomcat-embed-core-9.0.74.jar:9.0.74]
	at org.springframework.web.filter.OncePerRequestFilter.doFilter(OncePerRequestFilter.java:111) ~[spring-web-5.3.27.jar:5.3.27]
	at org.apache.catalina.core.ApplicationFilterChain.internalDoFilter(ApplicationFilterChain.java:178) ~[tomcat-embed-core-9.0.74.jar:9.0.74]
	at org.apache.catalina.core.ApplicationFilterChain.doFilter(ApplicationFilterChain.java:153) ~[tomcat-embed-core-9.0.74.jar:9.0.74]
	at org.springframework.security.web.FilterChainProxy$VirtualFilterChain.doFilter(FilterChainProxy.java:337) ~[spring-security-web-5.7.8.jar:5.7.8]
	at org.springframework.security.web.access.ExceptionTranslationFilter.doFilter(ExceptionTranslationFilter.java:122) ~[spring-security-web-5.7.8.jar:5.7.8]
	at org.springframework.security.web.access.ExceptionTranslationFilter.doFilter(ExceptionTranslationFilter.java:116) ~[spring-security-web-5.7.8.jar:5.7.8]
	at org.springframework.security.web.FilterChainProxy$VirtualFilterChain.doFilter(FilterChainProxy.java:346) ~[spring-security-web-5.7.8.jar:5.7.8]
	at org.springframework.security.web.session.SessionManagementFilter.doFilter(SessionManagementFilter.java:126) ~[spring-security-web-5.7.8.jar:5.7.8]
	at org.springframework.security.web.session.SessionManagementFilter.doFilter(SessionManagementFilter.java:81) ~[spring-security-web-5.7.8.jar:5.7.8]
	at org.springframework.security.web.FilterChainProxy$VirtualFilterChain.doFilter(FilterChainProxy.java:346) ~[spring-security-web-5.7.8.jar:5.7.8]
	at org.springframework.security.web.authentication.AnonymousAuthenticationFilter.doFilter(AnonymousAuthenticationFilter.java:109) ~[spring-security-web-5.7.8.jar:5.7.8]
	at org.springframework.security.web.FilterChainProxy$VirtualFilterChain.doFilter(FilterChainProxy.java:346) ~[spring-security-web-5.7.8.jar:5.7.8]
	at org.springframework.security.web.servletapi.SecurityContextHolderAwareRequestFilter.doFilter(SecurityContextHolderAwareRequestFilter.java:149) ~[spring-security-web-5.7.8.jar:5.7.8]
	at org.springframework.security.web.FilterChainProxy$VirtualFilterChain.doFilter(FilterChainProxy.java:346) ~[spring-security-web-5.7.8.jar:5.7.8]
	at org.springframework.security.web.savedrequest.RequestCacheAwareFilter.doFilter(RequestCacheAwareFilter.java:63) ~[spring-security-web-5.7.8.jar:5.7.8]
	at org.springframework.security.web.FilterChainProxy$VirtualFilterChain.doFilter(FilterChainProxy.java:346) ~[spring-security-web-5.7.8.jar:5.7.8]
	at kr.co.voard2.jwt.JwtAuthenticationFilter.doFilterInternal(JwtAuthenticationFilter.java:56) ~[classes/:na]
	at org.springframework.web.filter.OncePerRequestFilter.doFilter(OncePerRequestFilter.java:117) ~[spring-web-5.3.27.jar:5.3.27]
	at org.springframework.security.web.FilterChainProxy$VirtualFilterChain.doFilter(FilterChainProxy.java:346) ~[spring-security-web-5.7.8.jar:5.7.8]
	at org.springframework.security.web.authentication.logout.LogoutFilter.doFilter(LogoutFilter.java:103) ~[spring-security-web-5.7.8.jar:5.7.8]
	at org.springframework.security.web.authentication.logout.LogoutFilter.doFilter(LogoutFilter.java:89) ~[spring-security-web-5.7.8.jar:5.7.8]
	at org.springframework.security.web.FilterChainProxy$VirtualFilterChain.doFilter(FilterChainProxy.java:346) ~[spring-security-web-5.7.8.jar:5.7.8]
	at org.springframework.security.web.header.HeaderWriterFilter.doHeadersAfter(HeaderWriterFilter.java:90) ~[spring-security-web-5.7.8.jar:5.7.8]
	at org.springframework.security.web.header.HeaderWriterFilter.doFilterInternal(HeaderWriterFilter.java:75) ~[spring-security-web-5.7.8.jar:5.7.8]
	at org.springframework.web.filter.OncePerRequestFilter.doFilter(OncePerRequestFilter.java:117) ~[spring-web-5.3.27.jar:5.3.27]
	at org.springframework.security.web.FilterChainProxy$VirtualFilterChain.doFilter(FilterChainProxy.java:346) ~[spring-security-web-5.7.8.jar:5.7.8]
	at org.springframework.security.web.context.SecurityContextPersistenceFilter.doFilter(SecurityContextPersistenceFilter.java:112) ~[spring-security-web-5.7.8.jar:5.7.8]
	at org.springframework.security.web.context.SecurityContextPersistenceFilter.doFilter(SecurityContextPersistenceFilter.java:82) ~[spring-security-web-5.7.8.jar:5.7.8]
	at org.springframework.security.web.FilterChainProxy$VirtualFilterChain.doFilter(FilterChainProxy.java:346) ~[spring-security-web-5.7.8.jar:5.7.8]
	at org.springframework.security.web.context.request.async.WebAsyncManagerIntegrationFilter.doFilterInternal(WebAsyncManagerIntegrationFilter.java:55) ~[spring-security-web-5.7.8.jar:5.7.8]
	at org.springframework.web.filter.OncePerRequestFilter.doFilter(OncePerRequestFilter.java:117) ~[spring-web-5.3.27.jar:5.3.27]
	at org.springframework.security.web.FilterChainProxy$VirtualFilterChain.doFilter(FilterChainProxy.java:346) ~[spring-security-web-5.7.8.jar:5.7.8]
	at org.springframework.security.web.session.DisableEncodeUrlFilter.doFilterInternal(DisableEncodeUrlFilter.java:42) ~[spring-security-web-5.7.8.jar:5.7.8]
	at org.springframework.web.filter.OncePerRequestFilter.doFilter(OncePerRequestFilter.java:117) ~[spring-web-5.3.27.jar:5.3.27]
	at org.springframework.security.web.FilterChainProxy$VirtualFilterChain.doFilter(FilterChainProxy.java:346) ~[spring-security-web-5.7.8.jar:5.7.8]
	at org.springframework.security.web.FilterChainProxy.doFilterInternal(FilterChainProxy.java:221) ~[spring-security-web-5.7.8.jar:5.7.8]
	at org.springframework.security.web.FilterChainProxy.doFilter(FilterChainProxy.java:186) ~[spring-security-web-5.7.8.jar:5.7.8]
	at org.springframework.web.filter.DelegatingFilterProxy.invokeDelegate(DelegatingFilterProxy.java:354) ~[spring-web-5.3.27.jar:5.3.27]
	at org.springframework.web.filter.DelegatingFilterProxy.doFilter(DelegatingFilterProxy.java:267) ~[spring-web-5.3.27.jar:5.3.27]
	at org.apache.catalina.core.ApplicationFilterChain.internalDoFilter(ApplicationFilterChain.java:178) ~[tomcat-embed-core-9.0.74.jar:9.0.74]
	at org.apache.catalina.core.ApplicationFilterChain.doFilter(ApplicationFilterChain.java:153) ~[tomcat-embed-core-9.0.74.jar:9.0.74]
	at org.springframework.web.filter.RequestContextFilter.doFilterInternal(RequestContextFilter.java:100) ~[spring-web-5.3.27.jar:5.3.27]
	at org.springframework.web.filter.OncePerRequestFilter.doFilter(OncePerRequestFilter.java:117) ~[spring-web-5.3.27.jar:5.3.27]
	at org.apache.catalina.core.ApplicationFilterChain.internalDoFilter(ApplicationFilterChain.java:178) ~[tomcat-embed-core-9.0.74.jar:9.0.74]
	at org.apache.catalina.core.ApplicationFilterChain.doFilter(ApplicationFilterChain.java:153) ~[tomcat-embed-core-9.0.74.jar:9.0.74]
	at org.springframework.web.filter.FormContentFilter.doFilterInternal(FormContentFilter.java:93) ~[spring-web-5.3.27.jar:5.3.27]
	at org.springframework.web.filter.OncePerRequestFilter.doFilter(OncePerRequestFilter.java:117) ~[spring-web-5.3.27.jar:5.3.27]
	at org.apache.catalina.core.ApplicationFilterChain.internalDoFilter(ApplicationFilterChain.java:178) ~[tomcat-embed-core-9.0.74.jar:9.0.74]
	at org.apache.catalina.core.ApplicationFilterChain.doFilter(ApplicationFilterChain.java:153) ~[tomcat-embed-core-9.0.74.jar:9.0.74]
	at org.springframework.web.filter.CharacterEncodingFilter.doFilterInternal(CharacterEncodingFilter.java:201) ~[spring-web-5.3.27.jar:5.3.27]
	at org.springframework.web.filter.OncePerRequestFilter.doFilter(OncePerRequestFilter.java:117) ~[spring-web-5.3.27.jar:5.3.27]
	at org.apache.catalina.core.ApplicationFilterChain.internalDoFilter(ApplicationFilterChain.java:178) ~[tomcat-embed-core-9.0.74.jar:9.0.74]
	at org.apache.catalina.core.ApplicationFilterChain.doFilter(ApplicationFilterChain.java:153) ~[tomcat-embed-core-9.0.74.jar:9.0.74]
	at org.apache.catalina.core.StandardWrapperValve.invoke(StandardWrapperValve.java:167) ~[tomcat-embed-core-9.0.74.jar:9.0.74]
	at org.apache.catalina.core.StandardContextValve.invoke(StandardContextValve.java:90) ~[tomcat-embed-core-9.0.74.jar:9.0.74]
	at org.apache.catalina.authenticator.AuthenticatorBase.invoke(AuthenticatorBase.java:481) ~[tomcat-embed-core-9.0.74.jar:9.0.74]
	at org.apache.catalina.core.StandardHostValve.invoke(StandardHostValve.java:130) ~[tomcat-embed-core-9.0.74.jar:9.0.74]
	at org.apache.catalina.valves.ErrorReportValve.invoke(ErrorReportValve.java:93) ~[tomcat-embed-core-9.0.74.jar:9.0.74]
	at org.apache.catalina.core.StandardEngineValve.invoke(StandardEngineValve.java:74) ~[tomcat-embed-core-9.0.74.jar:9.0.74]
	at org.apache.catalina.connector.CoyoteAdapter.service(CoyoteAdapter.java:343) ~[tomcat-embed-core-9.0.74.jar:9.0.74]
	at org.apache.coyote.http11.Http11Processor.service(Http11Processor.java:389) ~[tomcat-embed-core-9.0.74.jar:9.0.74]
	at org.apache.coyote.AbstractProcessorLight.process(AbstractProcessorLight.java:63) ~[tomcat-embed-core-9.0.74.jar:9.0.74]
	at org.apache.coyote.AbstractProtocol$ConnectionHandler.process(AbstractProtocol.java:926) ~[tomcat-embed-core-9.0.74.jar:9.0.74]
	at org.apache.tomcat.util.net.NioEndpoint$SocketProcessor.doRun(NioEndpoint.java:1791) ~[tomcat-embed-core-9.0.74.jar:9.0.74]
	at org.apache.tomcat.util.net.SocketProcessorBase.run(SocketProcessorBase.java:52) ~[tomcat-embed-core-9.0.74.jar:9.0.74]
	at org.apache.tomcat.util.threads.ThreadPoolExecutor.runWorker(ThreadPoolExecutor.java:1191) ~[tomcat-embed-core-9.0.74.jar:9.0.74]
	at org.apache.tomcat.util.threads.ThreadPoolExecutor$Worker.run(ThreadPoolExecutor.java:659) ~[tomcat-embed-core-9.0.74.jar:9.0.74]
	at org.apache.tomcat.util.threads.TaskThread$WrappingRunnable.run(TaskThread.java:61) ~[tomcat-embed-core-9.0.74.jar:9.0.74]
	at java.base/java.lang.Thread.run(Thread.java:833) ~[na:na]

2023-05-01 08:59:45.956  INFO 3240 --- [http-nio-8080-exec-4] k.co.voard2.jwt.JwtAuthenticationFilter  : doFilterInternal...1
2023-05-01 08:59:45.956  INFO 3240 --- [http-nio-8080-exec-4] k.co.voard2.jwt.JwtAuthenticationFilter  : doFilterInternal...2 : null
2023-05-01 08:59:45.960  INFO 3240 --- [http-nio-8080-exec-5] k.co.voard2.jwt.JwtAuthenticationFilter  : doFilterInternal...1
2023-05-01 08:59:45.960  INFO 3240 --- [http-nio-8080-exec-5] k.co.voard2.jwt.JwtAuthenticationFilter  : doFilterInternal...2 : null
2023-05-01 08:59:45.961  INFO 3240 --- [http-nio-8080-exec-5] kr.co.voard2.controller.UserController   : vo : UserVO(uid=r222, pass=asdf1234!, pass1=null, pass2=null, name=null, nick=null, email=null, hp=null, grade=0, zip=null, addr1=null, addr2=null, regip=null, rdate=null, sessId=null, sessLimitDate=null, wdate=null)
2023-05-01 08:59:45.965  INFO 3240 --- [http-nio-8080-exec-5] kr.co.voard2.controller.UserController   : login...1
2023-05-01 08:59:46.032  INFO 3240 --- [http-nio-8080-exec-5] kr.co.voard2.controller.UserController   : login...2
2023-05-01 08:59:46.033  INFO 3240 --- [http-nio-8080-exec-5] kr.co.voard2.controller.UserController   : login...3 : eyJhbGciOiJIUzI1NiJ9.eyJzdWIiOiJyMjIyIiwiaWF0IjoxNjgyODk5MTg2LCJleHAiOjE2ODI5MDI3ODZ9.dz09VLJ5IvVyHPL5eUhWyG7_Onr-IXBmT0XkBua8HbY
2023-05-01 08:59:46.052  INFO 3240 --- [http-nio-8080-exec-7] k.co.voard2.jwt.JwtAuthenticationFilter  : doFilterInternal...1
2023-05-01 08:59:46.053  INFO 3240 --- [http-nio-8080-exec-7] k.co.voard2.jwt.JwtAuthenticationFilter  : doFilterInternal...2 : null
2023-05-01 08:59:50.846  INFO 3240 --- [http-nio-8080-exec-6] k.co.voard2.jwt.JwtAuthenticationFilter  : doFilterInternal...1
2023-05-01 08:59:50.846  INFO 3240 --- [http-nio-8080-exec-6] k.co.voard2.jwt.JwtAuthenticationFilter  : doFilterInternal...2 : null
2023-05-01 08:59:50.849  INFO 3240 --- [http-nio-8080-exec-9] k.co.voard2.jwt.JwtAuthenticationFilter  : doFilterInternal...1
2023-05-01 08:59:50.849  INFO 3240 --- [http-nio-8080-exec-9] k.co.voard2.jwt.JwtAuthenticationFilter  : doFilterInternal...2 : eyJhbGciOiJIUzI1NiJ9.eyJzdWIiOiJyMjIyIiwiaWF0IjoxNjgyODk5MTg2LCJleHAiOjE2ODI5MDI3ODZ9.dz09VLJ5IvVyHPL5eUhWyG7_Onr-IXBmT0XkBua8HbY
2023-05-01 08:59:50.850  INFO 3240 --- [http-nio-8080-exec-9] k.co.voard2.jwt.JwtAuthenticationFilter  : doFilterInternal...3
2023-05-01 08:59:50.854  INFO 3240 --- [http-nio-8080-exec-9] kr.co.voard2.controller.UserController   : auth...1
2023-05-01 08:59:50.854  INFO 3240 --- [http-nio-8080-exec-9] kr.co.voard2.controller.UserController   : auth...3 : kr.co.voard2.repository.UserEntity@3bb06b33
2023-05-01 09:00:09.187  INFO 3240 --- [http-nio-8080-exec-8] k.co.voard2.jwt.JwtAuthenticationFilter  : doFilterInternal...1
2023-05-01 09:00:09.187  INFO 3240 --- [http-nio-8080-exec-8] k.co.voard2.jwt.JwtAuthenticationFilter  : doFilterInternal...2 : null
2023-05-01 09:00:09.192  INFO 3240 --- [http-nio-8080-exec-10] k.co.voard2.jwt.JwtAuthenticationFilter  : doFilterInternal...1
2023-05-01 09:00:09.193  INFO 3240 --- [http-nio-8080-exec-10] k.co.voard2.jwt.JwtAuthenticationFilter  : doFilterInternal...2 : eyJhbGciOiJIUzI1NiJ9.eyJzdWIiOiJyMjIyIiwiaWF0IjoxNjgyODk5MTg2LCJleHAiOjE2ODI5MDI3ODZ9.dz09VLJ5IvVyHPL5eUhWyG7_Onr-IXBmT0XkBua8HbY
2023-05-01 09:00:09.195  INFO 3240 --- [http-nio-8080-exec-10] k.co.voard2.jwt.JwtAuthenticationFilter  : doFilterInternal...3
2023-05-01 09:00:09.204  INFO 3240 --- [http-nio-8080-exec-10] kr.co.voard2.controller.UserController   : auth...1
2023-05-01 09:00:09.205  INFO 3240 --- [http-nio-8080-exec-10] kr.co.voard2.controller.UserController   : auth...3 : kr.co.voard2.repository.UserEntity@4b67634e
2023-05-01 09:00:18.300  INFO 3240 --- [http-nio-8080-exec-2] k.co.voard2.jwt.JwtAuthenticationFilter  : doFilterInternal...1
2023-05-01 09:00:18.301  INFO 3240 --- [http-nio-8080-exec-2] k.co.voard2.jwt.JwtAuthenticationFilter  : doFilterInternal...2 : null
2023-05-01 09:00:18.304  INFO 3240 --- [http-nio-8080-exec-1] k.co.voard2.jwt.JwtAuthenticationFilter  : doFilterInternal...1
2023-05-01 09:00:18.304  INFO 3240 --- [http-nio-8080-exec-1] k.co.voard2.jwt.JwtAuthenticationFilter  : doFilterInternal...2 : null
2023-05-01 09:00:18.305  INFO 3240 --- [http-nio-8080-exec-1] kr.co.voard2.controller.UserController   : vo : UserVO(uid=r222, pass=asdf1234!, pass1=null, pass2=null, name=null, nick=null, email=null, hp=null, grade=0, zip=null, addr1=null, addr2=null, regip=null, rdate=null, sessId=null, sessLimitDate=null, wdate=null)
2023-05-01 09:00:18.312  INFO 3240 --- [http-nio-8080-exec-1] kr.co.voard2.controller.UserController   : login...1
2023-05-01 09:00:18.382  INFO 3240 --- [http-nio-8080-exec-1] kr.co.voard2.controller.UserController   : login...2
2023-05-01 09:00:18.382  INFO 3240 --- [http-nio-8080-exec-1] kr.co.voard2.controller.UserController   : login...3 : eyJhbGciOiJIUzI1NiJ9.eyJzdWIiOiJyMjIyIiwiaWF0IjoxNjgyODk5MjE4LCJleHAiOjE2ODI5MDI4MTh9.vr7jXoqzRgm8MPqQVzNV-QPdnnA3upuo8IvSOqEN9Yg
2023-05-01 09:00:18.403  INFO 3240 --- [http-nio-8080-exec-3] k.co.voard2.jwt.JwtAuthenticationFilter  : doFilterInternal...1
2023-05-01 09:00:18.404  INFO 3240 --- [http-nio-8080-exec-3] k.co.voard2.jwt.JwtAuthenticationFilter  : doFilterInternal...2 : null
2023-05-01 09:01:27.476  INFO 3240 --- [http-nio-8080-exec-5] k.co.voard2.jwt.JwtAuthenticationFilter  : doFilterInternal...1
2023-05-01 09:01:27.476  INFO 3240 --- [http-nio-8080-exec-5] k.co.voard2.jwt.JwtAuthenticationFilter  : doFilterInternal...2 : null
2023-05-01 09:01:27.479  INFO 3240 --- [http-nio-8080-exec-7] k.co.voard2.jwt.JwtAuthenticationFilter  : doFilterInternal...1
2023-05-01 09:01:27.479  INFO 3240 --- [http-nio-8080-exec-7] k.co.voard2.jwt.JwtAuthenticationFilter  : doFilterInternal...2 : null
2023-05-01 09:01:27.480  INFO 3240 --- [http-nio-8080-exec-7] kr.co.voard2.controller.UserController   : vo : UserVO(uid=r222, pass=asdf1234!, pass1=null, pass2=null, name=null, nick=null, email=null, hp=null, grade=0, zip=null, addr1=null, addr2=null, regip=null, rdate=null, sessId=null, sessLimitDate=null, wdate=null)
2023-05-01 09:01:27.483  INFO 3240 --- [http-nio-8080-exec-7] kr.co.voard2.controller.UserController   : login...1
2023-05-01 09:01:27.548  INFO 3240 --- [http-nio-8080-exec-7] kr.co.voard2.controller.UserController   : login...2
2023-05-01 09:01:27.549  INFO 3240 --- [http-nio-8080-exec-7] kr.co.voard2.controller.UserController   : login...3 : eyJhbGciOiJIUzI1NiJ9.eyJzdWIiOiJyMjIyIiwiaWF0IjoxNjgyODk5Mjg3LCJleHAiOjE2ODI5MDI4ODd9.yp-uqq5-LGjwg9vycTLkARM-Ysdjhn7haGqzt7ITq2Q
2023-05-01 09:01:27.561  INFO 3240 --- [http-nio-8080-exec-6] k.co.voard2.jwt.JwtAuthenticationFilter  : doFilterInternal...1
2023-05-01 09:01:27.562  INFO 3240 --- [http-nio-8080-exec-6] k.co.voard2.jwt.JwtAuthenticationFilter  : doFilterInternal...2 : null
2023-05-01 09:01:31.416  INFO 3240 --- [http-nio-8080-exec-9] k.co.voard2.jwt.JwtAuthenticationFilter  : doFilterInternal...1
2023-05-01 09:01:31.416  INFO 3240 --- [http-nio-8080-exec-9] k.co.voard2.jwt.JwtAuthenticationFilter  : doFilterInternal...2 : null
2023-05-01 09:03:56.260  INFO 3240 --- [http-nio-8080-exec-10] k.co.voard2.jwt.JwtAuthenticationFilter  : doFilterInternal...1
2023-05-01 09:03:56.261  INFO 3240 --- [http-nio-8080-exec-10] k.co.voard2.jwt.JwtAuthenticationFilter  : doFilterInternal...2 : null
2023-05-01 09:03:56.264  INFO 3240 --- [http-nio-8080-exec-2] k.co.voard2.jwt.JwtAuthenticationFilter  : doFilterInternal...1
2023-05-01 09:03:56.264  INFO 3240 --- [http-nio-8080-exec-2] k.co.voard2.jwt.JwtAuthenticationFilter  : doFilterInternal...2 : null
2023-05-01 09:03:56.265  INFO 3240 --- [http-nio-8080-exec-2] kr.co.voard2.controller.UserController   : vo : UserVO(uid=r222, pass=asdf1234!, pass1=null, pass2=null, name=null, nick=null, email=null, hp=null, grade=0, zip=null, addr1=null, addr2=null, regip=null, rdate=null, sessId=null, sessLimitDate=null, wdate=null)
2023-05-01 09:03:56.269  INFO 3240 --- [http-nio-8080-exec-2] kr.co.voard2.controller.UserController   : login...1
2023-05-01 09:03:56.336  INFO 3240 --- [http-nio-8080-exec-2] kr.co.voard2.controller.UserController   : login...2
2023-05-01 09:03:56.337  INFO 3240 --- [http-nio-8080-exec-2] kr.co.voard2.controller.UserController   : login...3 : eyJhbGciOiJIUzI1NiJ9.eyJzdWIiOiJyMjIyIiwiaWF0IjoxNjgyODk5NDM2LCJleHAiOjE2ODI5MDMwMzZ9.qMb5cFOUO3JVxb7clcXCbnMSJOHnoj3RTaA3jif99VE
2023-05-01 09:03:56.357  INFO 3240 --- [http-nio-8080-exec-1] k.co.voard2.jwt.JwtAuthenticationFilter  : doFilterInternal...1
2023-05-01 09:03:56.357  INFO 3240 --- [http-nio-8080-exec-1] k.co.voard2.jwt.JwtAuthenticationFilter  : doFilterInternal...2 : null
2023-05-01 09:04:25.277  INFO 3240 --- [http-nio-8080-exec-3] k.co.voard2.jwt.JwtAuthenticationFilter  : doFilterInternal...1
2023-05-01 09:04:25.278  INFO 3240 --- [http-nio-8080-exec-3] k.co.voard2.jwt.JwtAuthenticationFilter  : doFilterInternal...2 : null
2023-05-01 09:04:25.280  INFO 3240 --- [http-nio-8080-exec-4] k.co.voard2.jwt.JwtAuthenticationFilter  : doFilterInternal...1
2023-05-01 09:04:25.280  INFO 3240 --- [http-nio-8080-exec-4] k.co.voard2.jwt.JwtAuthenticationFilter  : doFilterInternal...2 : null
2023-05-01 09:04:25.281  INFO 3240 --- [http-nio-8080-exec-4] kr.co.voard2.controller.UserController   : vo : UserVO(uid=r222, pass=asdf1234!, pass1=null, pass2=null, name=null, nick=null, email=null, hp=null, grade=0, zip=null, addr1=null, addr2=null, regip=null, rdate=null, sessId=null, sessLimitDate=null, wdate=null)
2023-05-01 09:04:25.284  INFO 3240 --- [http-nio-8080-exec-4] kr.co.voard2.controller.UserController   : login...1
2023-05-01 09:04:25.351  INFO 3240 --- [http-nio-8080-exec-4] kr.co.voard2.controller.UserController   : login...2
2023-05-01 09:04:25.352  INFO 3240 --- [http-nio-8080-exec-4] kr.co.voard2.controller.UserController   : login...3 : eyJhbGciOiJIUzI1NiJ9.eyJzdWIiOiJyMjIyIiwiaWF0IjoxNjgyODk5NDY1LCJleHAiOjE2ODI5MDMwNjV9.4yfAx0trXdwGzZbGUNy3OCApfb0P9eSd681NmX1TyAA
2023-05-01 09:04:25.365  INFO 3240 --- [http-nio-8080-exec-5] k.co.voard2.jwt.JwtAuthenticationFilter  : doFilterInternal...1
2023-05-01 09:04:25.365  INFO 3240 --- [http-nio-8080-exec-5] k.co.voard2.jwt.JwtAuthenticationFilter  : doFilterInternal...2 : null
2023-05-01 09:04:31.251  INFO 3240 --- [http-nio-8080-exec-7] k.co.voard2.jwt.JwtAuthenticationFilter  : doFilterInternal...1
2023-05-01 09:04:31.251  INFO 3240 --- [http-nio-8080-exec-7] k.co.voard2.jwt.JwtAuthenticationFilter  : doFilterInternal...2 : null
2023-05-01 09:04:31.256  INFO 3240 --- [http-nio-8080-exec-6] k.co.voard2.jwt.JwtAuthenticationFilter  : doFilterInternal...1
2023-05-01 09:04:31.256  INFO 3240 --- [http-nio-8080-exec-6] k.co.voard2.jwt.JwtAuthenticationFilter  : doFilterInternal...2 : null
2023-05-01 09:04:38.090  INFO 3240 --- [http-nio-8080-exec-9] k.co.voard2.jwt.JwtAuthenticationFilter  : doFilterInternal...1
2023-05-01 09:04:38.091  INFO 3240 --- [http-nio-8080-exec-9] k.co.voard2.jwt.JwtAuthenticationFilter  : doFilterInternal...2 : null
2023-05-01 09:04:38.097  INFO 3240 --- [http-nio-8080-exec-8] k.co.voard2.jwt.JwtAuthenticationFilter  : doFilterInternal...1
2023-05-01 09:04:38.097  INFO 3240 --- [http-nio-8080-exec-8] k.co.voard2.jwt.JwtAuthenticationFilter  : doFilterInternal...2 : null
2023-05-01 09:04:40.570  INFO 3240 --- [http-nio-8080-exec-10] k.co.voard2.jwt.JwtAuthenticationFilter  : doFilterInternal...1
2023-05-01 09:04:40.571  INFO 3240 --- [http-nio-8080-exec-10] k.co.voard2.jwt.JwtAuthenticationFilter  : doFilterInternal...2 : null
2023-05-01 09:04:45.086  INFO 3240 --- [http-nio-8080-exec-2] k.co.voard2.jwt.JwtAuthenticationFilter  : doFilterInternal...1
2023-05-01 09:04:45.086  INFO 3240 --- [http-nio-8080-exec-1] k.co.voard2.jwt.JwtAuthenticationFilter  : doFilterInternal...1
2023-05-01 09:04:45.086  INFO 3240 --- [http-nio-8080-exec-2] k.co.voard2.jwt.JwtAuthenticationFilter  : doFilterInternal...2 : null
2023-05-01 09:04:45.086  INFO 3240 --- [http-nio-8080-exec-1] k.co.voard2.jwt.JwtAuthenticationFilter  : doFilterInternal...2 : null
2023-05-01 09:04:45.090  INFO 3240 --- [http-nio-8080-exec-3] k.co.voard2.jwt.JwtAuthenticationFilter  : doFilterInternal...1
2023-05-01 09:04:45.091  INFO 3240 --- [http-nio-8080-exec-3] k.co.voard2.jwt.JwtAuthenticationFilter  : doFilterInternal...2 : eyJhbGciOiJIUzI1NiJ9.eyJzdWIiOiJyMjIyIiwiaWF0IjoxNjgyODk5NDY1LCJleHAiOjE2ODI5MDMwNjV9.4yfAx0trXdwGzZbGUNy3OCApfb0P9eSd681NmX1TyAA
2023-05-01 09:04:45.092  INFO 3240 --- [http-nio-8080-exec-3] k.co.voard2.jwt.JwtAuthenticationFilter  : doFilterInternal...3
2023-05-01 09:04:45.099  INFO 3240 --- [http-nio-8080-exec-3] kr.co.voard2.controller.UserController   : auth...1
2023-05-01 09:04:45.099  INFO 3240 --- [http-nio-8080-exec-3] kr.co.voard2.controller.UserController   : auth...3 : kr.co.voard2.repository.UserEntity@2492f900
2023-05-01 09:34:55.337  INFO 3240 --- [http-nio-8080-exec-7] k.co.voard2.jwt.JwtAuthenticationFilter  : doFilterInternal...1
2023-05-01 09:34:55.337  INFO 3240 --- [http-nio-8080-exec-7] k.co.voard2.jwt.JwtAuthenticationFilter  : doFilterInternal...2 : null
2023-05-01 09:34:55.337  INFO 3240 --- [http-nio-8080-exec-6] k.co.voard2.jwt.JwtAuthenticationFilter  : doFilterInternal...1
2023-05-01 09:34:55.337  INFO 3240 --- [http-nio-8080-exec-6] k.co.voard2.jwt.JwtAuthenticationFilter  : doFilterInternal...2 : null
2023-05-01 09:34:55.340  INFO 3240 --- [http-nio-8080-exec-9] k.co.voard2.jwt.JwtAuthenticationFilter  : doFilterInternal...1
2023-05-01 09:34:55.340  INFO 3240 --- [http-nio-8080-exec-9] k.co.voard2.jwt.JwtAuthenticationFilter  : doFilterInternal...2 : eyJhbGciOiJIUzI1NiJ9.eyJzdWIiOiJyMjIyIiwiaWF0IjoxNjgyODk5NDY1LCJleHAiOjE2ODI5MDMwNjV9.4yfAx0trXdwGzZbGUNy3OCApfb0P9eSd681NmX1TyAA
2023-05-01 09:34:55.342  INFO 3240 --- [http-nio-8080-exec-9] k.co.voard2.jwt.JwtAuthenticationFilter  : doFilterInternal...3
2023-05-01 09:34:55.346  INFO 3240 --- [http-nio-8080-exec-9] kr.co.voard2.controller.UserController   : auth...1
2023-05-01 09:34:55.346  INFO 3240 --- [http-nio-8080-exec-9] kr.co.voard2.controller.UserController   : auth...3 : kr.co.voard2.repository.UserEntity@5bbd8c08
2023-05-01 09:35:40.293  INFO 3240 --- [http-nio-8080-exec-8] k.co.voard2.jwt.JwtAuthenticationFilter  : doFilterInternal...1
2023-05-01 09:35:40.293  INFO 3240 --- [http-nio-8080-exec-8] k.co.voard2.jwt.JwtAuthenticationFilter  : doFilterInternal...2 : null
2023-05-01 09:35:45.024  INFO 3240 --- [http-nio-8080-exec-10] k.co.voard2.jwt.JwtAuthenticationFilter  : doFilterInternal...1
2023-05-01 09:35:45.024  INFO 3240 --- [http-nio-8080-exec-10] k.co.voard2.jwt.JwtAuthenticationFilter  : doFilterInternal...2 : null
2023-05-01 09:35:45.031  INFO 3240 --- [http-nio-8080-exec-2] k.co.voard2.jwt.JwtAuthenticationFilter  : doFilterInternal...1
2023-05-01 09:35:45.031  INFO 3240 --- [http-nio-8080-exec-1] k.co.voard2.jwt.JwtAuthenticationFilter  : doFilterInternal...1
2023-05-01 09:35:45.031  INFO 3240 --- [http-nio-8080-exec-1] k.co.voard2.jwt.JwtAuthenticationFilter  : doFilterInternal...2 : null
2023-05-01 09:35:45.031  INFO 3240 --- [http-nio-8080-exec-2] k.co.voard2.jwt.JwtAuthenticationFilter  : doFilterInternal...2 : eyJhbGciOiJIUzI1NiJ9.eyJzdWIiOiJyMjIyIiwiaWF0IjoxNjgyODk5NDY1LCJleHAiOjE2ODI5MDMwNjV9.4yfAx0trXdwGzZbGUNy3OCApfb0P9eSd681NmX1TyAA
2023-05-01 09:35:45.033  INFO 3240 --- [http-nio-8080-exec-2] k.co.voard2.jwt.JwtAuthenticationFilter  : doFilterInternal...3
2023-05-01 09:35:45.041  INFO 3240 --- [http-nio-8080-exec-2] kr.co.voard2.controller.UserController   : auth...1
2023-05-01 09:35:45.041  INFO 3240 --- [http-nio-8080-exec-2] kr.co.voard2.controller.UserController   : auth...3 : kr.co.voard2.repository.UserEntity@67ad07a5
2023-05-01 09:44:07.637  INFO 3240 --- [http-nio-8080-exec-5] k.co.voard2.jwt.JwtAuthenticationFilter  : doFilterInternal...1
2023-05-01 09:44:07.638  INFO 3240 --- [http-nio-8080-exec-5] k.co.voard2.jwt.JwtAuthenticationFilter  : doFilterInternal...2 : null
2023-05-01 09:45:10.947  INFO 3240 --- [RMI TCP Connection(56)-127.0.0.1] inMXBeanRegistrar$SpringApplicationAdmin : Application shutdown requested.
2023-05-01 09:45:10.953  INFO 3240 --- [RMI TCP Connection(56)-127.0.0.1] o.apache.catalina.core.StandardService   : Stopping service [Tomcat]
2023-05-01 09:45:10.954  INFO 3240 --- [RMI TCP Connection(56)-127.0.0.1] o.a.c.c.C.[.[localhost].[/Voard2]        : Destroying Spring FrameworkServlet 'dispatcherServlet'
2023-05-01 09:45:10.956  WARN 3240 --- [RMI TCP Connection(56)-127.0.0.1] o.a.c.loader.WebappClassLoaderBase       : The web application [Voard2] appears to have started a thread named [HikariPool-1 housekeeper] but has failed to stop it. This is very likely to create a memory leak. Stack trace of thread:
 java.base@17.0.5/jdk.internal.misc.Unsafe.park(Native Method)
 java.base@17.0.5/java.util.concurrent.locks.LockSupport.parkNanos(LockSupport.java:252)
 java.base@17.0.5/java.util.concurrent.locks.AbstractQueuedSynchronizer$ConditionObject.awaitNanos(AbstractQueuedSynchronizer.java:1672)
 java.base@17.0.5/java.util.concurrent.ScheduledThreadPoolExecutor$DelayedWorkQueue.take(ScheduledThreadPoolExecutor.java:1182)
 java.base@17.0.5/java.util.concurrent.ScheduledThreadPoolExecutor$DelayedWorkQueue.take(ScheduledThreadPoolExecutor.java:899)
 java.base@17.0.5/java.util.concurrent.ThreadPoolExecutor.getTask(ThreadPoolExecutor.java:1062)
 java.base@17.0.5/java.util.concurrent.ThreadPoolExecutor.runWorker(ThreadPoolExecutor.java:1122)
 java.base@17.0.5/java.util.concurrent.ThreadPoolExecutor$Worker.run(ThreadPoolExecutor.java:635)
 java.base@17.0.5/java.lang.Thread.run(Thread.java:833)
2023-05-01 09:45:10.959  INFO 3240 --- [RMI TCP Connection(56)-127.0.0.1] j.LocalContainerEntityManagerFactoryBean : Closing JPA EntityManagerFactory for persistence unit 'default'
2023-05-01 09:45:10.961  INFO 3240 --- [RMI TCP Connection(56)-127.0.0.1] com.zaxxer.hikari.HikariDataSource       : HikariPool-1 - Shutdown initiated...
2023-05-01 09:45:10.965  INFO 3240 --- [RMI TCP Connection(56)-127.0.0.1] com.zaxxer.hikari.HikariDataSource       : HikariPool-1 - Shutdown completed.
